<?xml version="1.0" encoding="UTF-8"?>
<robot generator="Robot 4.1.3 (Python 3.9.6 on win32)" generated="20220103 17:04:40.996" rpa="false" schemaversion="2">
<suite id="s1" name="ValidaTextoPagina" source="C:\Users\halison.r.vitorino\git\Curso_robotframework_2\Tests\FunctionalTest\ValidaTextoPagina.robot">
<test id="s1-t1" name="Test Case 1">
<kw name="Open WebPage" library="CommonKeywords" type="SETUP">
<kw name="Open Browser" library="SeleniumLibrary">
<arg>${urlEbay}</arg>
<arg>${browserChrome}</arg>
<doc>Opens a new browser instance to the optional ``url``.</doc>
<msg timestamp="20220103 17:04:41.229" level="INFO">Opening browser 'chrome' to base url 'http://ebay.com'.</msg>
<status status="PASS" starttime="20220103 17:04:41.229" endtime="20220103 17:04:46.636"/>
</kw>
<kw name="Maximize Browser Window" library="SeleniumLibrary">
<doc>Maximizes current browser window.</doc>
<status status="PASS" starttime="20220103 17:04:46.637" endtime="20220103 17:04:46.854"/>
</kw>
<status status="PASS" starttime="20220103 17:04:41.228" endtime="20220103 17:04:46.855"/>
</kw>
<kw name="Valida Texto na Pagina Inicial" library="HomePageEbay">
<arg>${texto_rodape}</arg>
<kw name="Page Should Contain" library="SeleniumLibrary">
<arg>${texto_rodape}</arg>
<doc>Verifies that current page contains ``text``.</doc>
<msg timestamp="20220103 17:04:46.936" level="INFO">Current page contains text 'Permanecer conectado'.</msg>
<status status="PASS" starttime="20220103 17:04:46.859" endtime="20220103 17:04:46.936"/>
</kw>
<kw name="Capture Element Screenshot" library="SeleniumLibrary">
<arg>${HomePageTexto_PermancerConectado}</arg>
<doc>Captures a screenshot from the element identified by ``locator`` and embeds it into log file.</doc>
<msg timestamp="20220103 17:04:47.101" level="INFO" html="true">&lt;/td&gt;&lt;/tr&gt;&lt;tr&gt;&lt;td colspan="3"&gt;&lt;a href="selenium-element-screenshot-5.png"&gt;&lt;img src="selenium-element-screenshot-5.png" width="400px"&gt;&lt;/a&gt;</msg>
<status status="PASS" starttime="20220103 17:04:46.937" endtime="20220103 17:04:47.101"/>
</kw>
<status status="PASS" starttime="20220103 17:04:46.856" endtime="20220103 17:04:47.101"/>
</kw>
<kw name="Fill Search Field and Press Search Button" library="HomePageEbay">
<arg>${produto[2]}</arg>
<kw name="Input Text" library="SeleniumLibrary">
<arg>${HomePageCampoBuscar}</arg>
<arg>${produto}</arg>
<doc>Types the given ``text`` into the text field identified by ``locator``.</doc>
<msg timestamp="20220103 17:04:47.103" level="INFO">Typing text 'motorola' into text field 'gh-ac'.</msg>
<status status="PASS" starttime="20220103 17:04:47.103" endtime="20220103 17:04:47.193"/>
</kw>
<kw name="Click Button" library="SeleniumLibrary">
<arg>${HomePageBotaoBuscar}</arg>
<doc>Clicks the button identified by ``locator``.</doc>
<msg timestamp="20220103 17:04:47.193" level="INFO">Clicking button 'gh-btn'.</msg>
<status status="PASS" starttime="20220103 17:04:47.193" endtime="20220103 17:04:49.552"/>
</kw>
<kw name="Capture Page Screenshot" library="SeleniumLibrary">
<doc>Takes a screenshot of the current page and embeds it into a log file.</doc>
<msg timestamp="20220103 17:04:49.846" level="INFO" html="true">&lt;/td&gt;&lt;/tr&gt;&lt;tr&gt;&lt;td colspan="3"&gt;&lt;a href="selenium-screenshot-3.png"&gt;&lt;img src="selenium-screenshot-3.png" width="800px"&gt;&lt;/a&gt;</msg>
<status status="PASS" starttime="20220103 17:04:49.552" endtime="20220103 17:04:49.846"/>
</kw>
<status status="PASS" starttime="20220103 17:04:47.102" endtime="20220103 17:04:49.847"/>
</kw>
<kw name="Sleep" library="BuiltIn">
<arg>5s</arg>
<doc>Pauses the test executed for the given time.</doc>
<msg timestamp="20220103 17:04:54.849" level="INFO">Slept 5 seconds</msg>
<status status="PASS" starttime="20220103 17:04:49.847" endtime="20220103 17:04:54.850"/>
</kw>
<kw name="Valida Busca Realizada" library="HomePageEbay">
<arg>${produto[2]}</arg>
<kw name="Page Should Contain" library="SeleniumLibrary">
<arg>${produto}</arg>
<doc>Verifies that current page contains ``text``.</doc>
<msg timestamp="20220103 17:04:54.907" level="INFO">Current page contains text 'motorola'.</msg>
<status status="PASS" starttime="20220103 17:04:54.851" endtime="20220103 17:04:54.907"/>
</kw>
<kw name="Capture Element Screenshot" library="SeleniumLibrary">
<arg>${HomePageTexto_Motorola}</arg>
<doc>Captures a screenshot from the element identified by ``locator`` and embeds it into log file.</doc>
<msg timestamp="20220103 17:04:55.040" level="INFO" html="true">&lt;/td&gt;&lt;/tr&gt;&lt;tr&gt;&lt;td colspan="3"&gt;&lt;a href="selenium-element-screenshot-6.png"&gt;&lt;img src="selenium-element-screenshot-6.png" width="400px"&gt;&lt;/a&gt;</msg>
<status status="PASS" starttime="20220103 17:04:54.908" endtime="20220103 17:04:55.040"/>
</kw>
<status status="PASS" starttime="20220103 17:04:54.850" endtime="20220103 17:04:55.040"/>
</kw>
<kw name="Finish TestCase" library="CommonKeywords" type="TEARDOWN">
<kw name="Close Browser" library="SeleniumLibrary">
<doc>Closes the current browser.</doc>
<status status="PASS" starttime="20220103 17:04:55.041" endtime="20220103 17:04:57.357"/>
</kw>
<status status="PASS" starttime="20220103 17:04:55.041" endtime="20220103 17:04:57.358"/>
</kw>
<doc>This test verify a text in a page</doc>
<tag>Functional</tag>
<status status="PASS" starttime="20220103 17:04:41.228" endtime="20220103 17:04:57.358"/>
</test>
<doc>Basic Search Tests</doc>
<status status="PASS" starttime="20220103 17:04:40.998" endtime="20220103 17:04:57.359"/>
</suite>
<statistics>
<total>
<stat pass="1" fail="0" skip="0">All Tests</stat>
</total>
<tag>
<stat pass="1" fail="0" skip="0">Functional</stat>
</tag>
<suite>
<stat pass="1" fail="0" skip="0" id="s1" name="ValidaTextoPagina">ValidaTextoPagina</stat>
</suite>
</statistics>
<errors>
</errors>
</robot>
